<?xml version="1.0" encoding="utf-8"?><testsuites name="pytest tests"><testsuite name="pytest" errors="0" failures="0" skipped="0" tests="13" time="2.202" timestamp="2026-04-09T20:08:44.683820+00:00" hostname="agent-env-f3e38464-8bcb-4077-92f3-70b9d46e492f"><testcase classname="backend.tests.test_products.TestProductList" name="test_get_all_products" time="0.240" /><testcase classname="backend.tests.test_products.TestProductList" name="test_product_has_required_fields" time="0.170" /><testcase classname="backend.tests.test_products.TestProductList" name="test_search_turkish_fuzzy_cop" time="0.118" /><testcase classname="backend.tests.test_products.TestProductList" name="test_search_returns_list" time="0.133" /><testcase classname="backend.tests.test_products.TestProductList" name="test_search_empty_query" time="0.115" /><testcase classname="backend.tests.test_products.TestBarcodeSearch" name="test_barcode_lookup" time="0.151" /><testcase classname="backend.tests.test_products.TestBarcodeSearch" name="test_barcode_not_found" time="0.179" /><testcase classname="backend.tests.test_products.TestProductCRUD" name="test_create_product" time="0.195" /><testcase classname="backend.tests.test_products.TestProductCRUD" name="test_get_created_product" time="0.116" /><testcase classname="backend.tests.test_products.TestProductCRUD" name="test_update_product" time="0.144" /><testcase classname="backend.tests.test_products.TestProductCRUD" name="test_delete_product" time="0.155" /><testcase classname="backend.tests.test_products.TestProductCRUD" name="test_delete_nonexistent" time="0.114" /><testcase classname="backend.tests.test_products.TestStats" name="test_stats" time="0.161" /></testsuite></testsuites>