<?xml version="1.0" encoding="utf-8"?><testsuites name="pytest tests"><testsuite name="pytest" errors="0" failures="0" skipped="0" tests="15" time="2.143" timestamp="2026-04-09T20:26:54.024489+00:00" hostname="agent-env-f3e38464-8bcb-4077-92f3-70b9d46e492f"><testcase classname="backend.tests.test_products.TestStats" name="test_stats_total_45" time="0.288" /><testcase classname="backend.tests.test_products.TestStats" name="test_stats_temizlik_25" time="0.119" /><testcase classname="backend.tests.test_products.TestStats" name="test_stats_ambalaj_20" time="0.117" /><testcase classname="backend.tests.test_products.TestCategoryFilter" name="test_all_products" time="0.105" /><testcase classname="backend.tests.test_products.TestCategoryFilter" name="test_temizlik_filter" time="0.160" /><testcase classname="backend.tests.test_products.TestCategoryFilter" name="test_ambalaj_filter" time="0.152" /><testcase classname="backend.tests.test_products.TestCategoryFilter" name="test_no_food_products" time="0.121" /><testcase classname="backend.tests.test_products.TestSearch" name="test_search_cop_returns_cop_poseti" time="0.108" /><testcase classname="backend.tests.test_products.TestSearch" name="test_search_strecfilm" time="0.123" /><testcase classname="backend.tests.test_products.TestSearch" name="test_search_with_category" time="0.148" /><testcase classname="backend.tests.test_products.TestBarcode" name="test_barcode_lookup" time="0.119" /><testcase classname="backend.tests.test_products.TestBarcode" name="test_barcode_not_found" time="0.103" /><testcase classname="backend.tests.test_products.TestCRUD" name="test_create_product" time="0.129" /><testcase classname="backend.tests.test_products.TestCRUD" name="test_update_product" time="0.102" /><testcase classname="backend.tests.test_products.TestCRUD" name="test_delete_product" time="0.166" /></testsuite></testsuites>